<?xml version="1.0" encoding="utf-8"?><testsuites name="pytest tests"><testsuite name="pytest" errors="0" failures="0" skipped="0" tests="24" time="3.328" timestamp="2026-01-22T06:40:38.720024+00:00" hostname="agent-env-d9f50032-1641-4c8f-a561-1fa2c7266395"><testcase classname="tests.test_loyalty_programs.TestAdminAuthentication" name="test_admin_login" time="0.311" /><testcase classname="tests.test_loyalty_programs.TestAdminAuthentication" name="test_non_admin_cannot_access_programs" time="0.314" /><testcase classname="tests.test_loyalty_programs.TestLoyaltyProgramCRUD" name="test_get_existing_programs" time="0.306" /><testcase classname="tests.test_loyalty_programs.TestLoyaltyProgramCRUD" name="test_create_program_with_days_duration" time="0.043" /><testcase classname="tests.test_loyalty_programs.TestLoyaltyProgramCRUD" name="test_create_program_with_months_duration" time="0.040" /><testcase classname="tests.test_loyalty_programs.TestLoyaltyProgramCRUD" name="test_create_program_with_years_duration" time="0.038" /><testcase classname="tests.test_loyalty_programs.TestLoyaltyProgramCRUD" name="test_create_program_with_lifetime_duration" time="0.041" /><testcase classname="tests.test_loyalty_programs.TestLoyaltyProgramCRUD" name="test_create_group_program" time="0.042" /><testcase classname="tests.test_loyalty_programs.TestLoyaltyProgramCRUD" name="test_get_program_by_id" time="0.078" /><testcase classname="tests.test_loyalty_programs.TestLoyaltyProgramCRUD" name="test_update_program" time="0.110" /><testcase classname="tests.test_loyalty_programs.TestLoyaltyProgramCRUD" name="test_delete_program" time="0.127" /><testcase classname="tests.test_loyalty_programs.TestMembershipAssignment" name="test_assign_membership_to_single_customer" time="0.098" /><testcase classname="tests.test_loyalty_programs.TestMembershipAssignment" name="test_assign_membership_to_multiple_customers" time="0.661" /><testcase classname="tests.test_loyalty_programs.TestMembershipAssignment" name="test_cannot_assign_duplicate_membership" time="0.117" /><testcase classname="tests.test_loyalty_programs.TestMembershipAssignment" name="test_get_all_memberships" time="0.040" /><testcase classname="tests.test_loyalty_programs.TestMembershipAssignment" name="test_get_memberships_with_status_filter" time="0.041" /><testcase classname="tests.test_loyalty_programs.TestMembershipAssignment" name="test_cancel_membership" time="0.078" /><testcase classname="tests.test_loyalty_programs.TestCustomerMembershipView" name="test_customer_can_view_own_membership" time="0.113" /><testcase classname="tests.test_loyalty_programs.TestCustomerMembershipView" name="test_customer_without_membership_gets_empty_list" time="0.297" /><testcase classname="tests.test_loyalty_programs.TestAdminStats" name="test_admin_stats_include_membership_data" time="0.039" /><testcase classname="tests.test_loyalty_programs.TestEdgeCases" name="test_assign_membership_invalid_program" time="0.037" /><testcase classname="tests.test_loyalty_programs.TestEdgeCases" name="test_assign_membership_invalid_customer" time="0.076" /><testcase classname="tests.test_loyalty_programs.TestEdgeCases" name="test_delete_nonexistent_program" time="0.039" /><testcase classname="tests.test_loyalty_programs.TestEdgeCases" name="test_cancel_nonexistent_membership" time="0.037" /></testsuite></testsuites>