<?xml version="1.0" encoding="utf-8"?><testsuites name="pytest tests"><testsuite name="pytest" errors="0" failures="0" skipped="0" tests="14" time="2.019" timestamp="2026-01-22T06:59:04.480451+00:00" hostname="agent-env-d9f50032-1641-4c8f-a561-1fa2c7266395"><testcase classname="tests.test_order_discounts.TestMembershipVerification" name="test_member_has_active_membership" time="0.383" /><testcase classname="tests.test_order_discounts.TestMembershipVerification" name="test_membership_has_correct_benefits" time="0.042" /><testcase classname="tests.test_order_discounts.TestDiscountPreview" name="test_preview_discount_for_member" time="0.077" /><testcase classname="tests.test_order_discounts.TestDiscountPreview" name="test_preview_discount_for_non_member" time="0.303" /><testcase classname="tests.test_order_discounts.TestDiscountPreview" name="test_preview_discount_food_only" time="0.036" /><testcase classname="tests.test_order_discounts.TestDiscountPreview" name="test_preview_discount_beverage_only" time="0.036" /><testcase classname="tests.test_order_discounts.TestOrderCreationWithDiscount" name="test_create_order_with_member_discount" time="0.077" /><testcase classname="tests.test_order_discounts.TestOrderCreationWithDiscount" name="test_create_order_without_member_discount" time="0.040" /><testcase classname="tests.test_order_discounts.TestOrderCreationWithDiscount" name="test_create_order_without_customer_id" time="0.040" /><testcase classname="tests.test_order_discounts.TestOrderRetrieval" name="test_get_order_includes_discount_info" time="0.077" /><testcase classname="tests.test_order_discounts.TestOrderRetrieval" name="test_list_orders_includes_discount_info" time="0.038" /><testcase classname="tests.test_order_discounts.TestDiscountCalculationAccuracy" name="test_discount_rounding" time="0.039" /><testcase classname="tests.test_order_discounts.TestDiscountCalculationAccuracy" name="test_zero_quantity_items" time="0.036" /><testcase classname="tests.test_order_discounts.TestMembershipExpiration" name="test_expired_membership_no_discount" time="0.605" /></testsuite></testsuites>