<?xml version="1.0" encoding="utf-8"?><testsuites name="pytest tests"><testsuite name="pytest" errors="8" failures="5" skipped="0" tests="32" time="4.745" timestamp="2026-01-22T06:08:02.598217+00:00" hostname="agent-env-d9f50032-1641-4c8f-a561-1fa2c7266395"><testcase classname="tests.test_coffee_shop_roles.TestUserRegistrationAndLogin" name="test_api_health" time="0.095" /><testcase classname="tests.test_coffee_shop_roles.TestUserRegistrationAndLogin" name="test_register_user_with_role[customer]" time="0.232" /><testcase classname="tests.test_coffee_shop_roles.TestUserRegistrationAndLogin" name="test_register_user_with_role[cashier]" time="0.241" /><testcase classname="tests.test_coffee_shop_roles.TestUserRegistrationAndLogin" name="test_register_user_with_role[waiter]" time="0.230" /><testcase classname="tests.test_coffee_shop_roles.TestUserRegistrationAndLogin" name="test_register_user_with_role[kitchen]" time="0.231" /><testcase classname="tests.test_coffee_shop_roles.TestUserRegistrationAndLogin" name="test_register_user_with_role[storage]" time="0.272" /><testcase classname="tests.test_coffee_shop_roles.TestUserRegistrationAndLogin" name="test_login_with_existing_credentials" time="0.494"><failure message="AssertionError: Login failed for waiter: {&quot;detail&quot;:&quot;Invalid credentials&quot;}&#10;assert 401 == 200&#10; +  where 401 = &lt;Response [401]&gt;.status_code">tests/test_coffee_shop_roles.py:71: in test_login_with_existing_credentials
    assert response.status_code == 200, f"Login failed for {role}: {response.text}"
E   AssertionError: Login failed for waiter: {"detail":"Invalid credentials"}
E   assert 401 == 200
E    +  where 401 = &lt;Response [401]&gt;.status_code</failure></testcase><testcase classname="tests.test_coffee_shop_roles.TestUserRegistrationAndLogin" name="test_invalid_login" time="0.010" /><testcase classname="tests.test_coffee_shop_roles.TestRoleBasedAccessControl" name="test_storage_can_access_ingredients" time="1.070"><failure message="KeyError: 'storage'">tests/test_coffee_shop_roles.py:115: in test_storage_can_access_ingredients
    headers = {"Authorization": f"Bearer {tokens['storage']}"}
                                          ^^^^^^^^^^^^^^^^^
E   KeyError: 'storage'</failure></testcase><testcase classname="tests.test_coffee_shop_roles.TestRoleBasedAccessControl" name="test_storage_can_access_cogs" time="0.000"><failure message="KeyError: 'storage'">tests/test_coffee_shop_roles.py:122: in test_storage_can_access_cogs
    headers = {"Authorization": f"Bearer {tokens['storage']}"}
                                          ^^^^^^^^^^^^^^^^^
E   KeyError: 'storage'</failure></testcase><testcase classname="tests.test_coffee_shop_roles.TestRoleBasedAccessControl" name="test_kitchen_can_access_ingredients" time="0.038" /><testcase classname="tests.test_coffee_shop_roles.TestRoleBasedAccessControl" name="test_kitchen_cannot_access_cogs" time="0.037" /><testcase classname="tests.test_coffee_shop_roles.TestRoleBasedAccessControl" name="test_waiter_can_access_orders" time="0.000"><failure message="KeyError: 'waiter'">tests/test_coffee_shop_roles.py:143: in test_waiter_can_access_orders
    headers = {"Authorization": f"Bearer {tokens['waiter']}"}
                                          ^^^^^^^^^^^^^^^^
E   KeyError: 'waiter'</failure></testcase><testcase classname="tests.test_coffee_shop_roles.TestRoleBasedAccessControl" name="test_waiter_can_access_tables" time="0.000"><failure message="KeyError: 'waiter'">tests/test_coffee_shop_roles.py:150: in test_waiter_can_access_tables
    headers = {"Authorization": f"Bearer {tokens['waiter']}"}
                                          ^^^^^^^^^^^^^^^^
E   KeyError: 'waiter'</failure></testcase><testcase classname="tests.test_coffee_shop_roles.TestRoleBasedAccessControl" name="test_cashier_can_access_orders" time="0.036" /><testcase classname="tests.test_coffee_shop_roles.TestRoleBasedAccessControl" name="test_cashier_cannot_access_cogs" time="0.035" /><testcase classname="tests.test_coffee_shop_roles.TestStorageDashboardFeatures" name="test_add_ingredient" time="0.308"><error message="failed on setup with &quot;KeyError: 'access_token'&quot;">tests/test_coffee_shop_roles.py:189: in storage_token
    return response.json()["access_token"]
           ^^^^^^^^^^^^^^^^^^^^^^^^^^^^^^^
E   KeyError: 'access_token'</error></testcase><testcase classname="tests.test_coffee_shop_roles.TestStorageDashboardFeatures" name="test_add_product" time="0.000"><error message="failed on setup with &quot;KeyError: 'access_token'&quot;">tests/test_coffee_shop_roles.py:189: in storage_token
    return response.json()["access_token"]
           ^^^^^^^^^^^^^^^^^^^^^^^^^^^^^^^
E   KeyError: 'access_token'</error></testcase><testcase classname="tests.test_coffee_shop_roles.TestStorageDashboardFeatures" name="test_add_cogs" time="0.000"><error message="failed on setup with &quot;KeyError: 'access_token'&quot;">tests/test_coffee_shop_roles.py:189: in storage_token
    return response.json()["access_token"]
           ^^^^^^^^^^^^^^^^^^^^^^^^^^^^^^^
E   KeyError: 'access_token'</error></testcase><testcase classname="tests.test_coffee_shop_roles.TestStorageDashboardFeatures" name="test_add_table" time="0.000"><error message="failed on setup with &quot;KeyError: 'access_token'&quot;">tests/test_coffee_shop_roles.py:189: in storage_token
    return response.json()["access_token"]
           ^^^^^^^^^^^^^^^^^^^^^^^^^^^^^^^
E   KeyError: 'access_token'</error></testcase><testcase classname="tests.test_coffee_shop_roles.TestWaiterDashboardFeatures" name="test_waiter_view_orders" time="0.270"><error message="failed on setup with &quot;KeyError: 'access_token'&quot;">tests/test_coffee_shop_roles.py:284: in waiter_token
    return response.json()["access_token"]
           ^^^^^^^^^^^^^^^^^^^^^^^^^^^^^^^
E   KeyError: 'access_token'</error></testcase><testcase classname="tests.test_coffee_shop_roles.TestWaiterDashboardFeatures" name="test_waiter_view_tables" time="0.000"><error message="failed on setup with &quot;KeyError: 'access_token'&quot;">tests/test_coffee_shop_roles.py:284: in waiter_token
    return response.json()["access_token"]
           ^^^^^^^^^^^^^^^^^^^^^^^^^^^^^^^
E   KeyError: 'access_token'</error></testcase><testcase classname="tests.test_coffee_shop_roles.TestWaiterDashboardFeatures" name="test_waiter_update_table_status" time="0.000"><error message="failed on setup with &quot;KeyError: 'access_token'&quot;">tests/test_coffee_shop_roles.py:284: in waiter_token
    return response.json()["access_token"]
           ^^^^^^^^^^^^^^^^^^^^^^^^^^^^^^^
E   KeyError: 'access_token'</error></testcase><testcase classname="tests.test_coffee_shop_roles.TestWaiterDashboardFeatures" name="test_waiter_can_create_table" time="0.000"><error message="failed on setup with &quot;KeyError: 'access_token'&quot;">tests/test_coffee_shop_roles.py:284: in waiter_token
    return response.json()["access_token"]
           ^^^^^^^^^^^^^^^^^^^^^^^^^^^^^^^
E   KeyError: 'access_token'</error></testcase><testcase classname="tests.test_coffee_shop_roles.TestKitchenDashboardFeatures" name="test_kitchen_view_orders" time="0.348" /><testcase classname="tests.test_coffee_shop_roles.TestKitchenDashboardFeatures" name="test_kitchen_update_order_status" time="0.073" /><testcase classname="tests.test_coffee_shop_roles.TestCashierPOSFeatures" name="test_cashier_view_orders" time="0.305" /><testcase classname="tests.test_coffee_shop_roles.TestCashierPOSFeatures" name="test_cashier_view_transactions" time="0.041" /><testcase classname="tests.test_coffee_shop_roles.TestCashierPOSFeatures" name="test_cashier_process_payment" time="0.036" /><testcase classname="tests.test_coffee_shop_roles.TestCustomerAppFeatures" name="test_public_products_access" time="0.038" /><testcase classname="tests.test_coffee_shop_roles.TestCustomerAppFeatures" name="test_public_order_creation" time="0.071" /><testcase classname="tests.test_coffee_shop_roles.TestCustomerAppFeatures" name="test_table_qr_verification" time="0.076" /></testsuite></testsuites>