<?xml version="1.0" encoding="utf-8"?><testsuites name="pytest tests"><testsuite name="pytest" errors="0" failures="0" skipped="0" tests="33" time="5.454" timestamp="2026-01-22T06:09:25.113274+00:00" hostname="agent-env-d9f50032-1641-4c8f-a561-1fa2c7266395"><testcase classname="tests.test_coffee_shop_roles.TestUserRegistrationAndLogin" name="test_api_health" time="0.083" /><testcase classname="tests.test_coffee_shop_roles.TestUserRegistrationAndLogin" name="test_register_user_with_role[customer]" time="0.271" /><testcase classname="tests.test_coffee_shop_roles.TestUserRegistrationAndLogin" name="test_register_user_with_role[cashier]" time="0.265" /><testcase classname="tests.test_coffee_shop_roles.TestUserRegistrationAndLogin" name="test_register_user_with_role[waiter]" time="0.264" /><testcase classname="tests.test_coffee_shop_roles.TestUserRegistrationAndLogin" name="test_register_user_with_role[kitchen]" time="0.260" /><testcase classname="tests.test_coffee_shop_roles.TestUserRegistrationAndLogin" name="test_register_user_with_role[storage]" time="0.265" /><testcase classname="tests.test_coffee_shop_roles.TestUserRegistrationAndLogin" name="test_login_after_registration" time="2.505" /><testcase classname="tests.test_coffee_shop_roles.TestUserRegistrationAndLogin" name="test_invalid_login" time="0.035" /><testcase classname="tests.test_coffee_shop_roles.TestRoleBasedAccessControl" name="test_storage_can_access_ingredients" time="0.038" /><testcase classname="tests.test_coffee_shop_roles.TestRoleBasedAccessControl" name="test_storage_can_access_cogs" time="0.043" /><testcase classname="tests.test_coffee_shop_roles.TestRoleBasedAccessControl" name="test_kitchen_can_access_ingredients" time="0.043" /><testcase classname="tests.test_coffee_shop_roles.TestRoleBasedAccessControl" name="test_kitchen_cannot_access_cogs" time="0.039" /><testcase classname="tests.test_coffee_shop_roles.TestRoleBasedAccessControl" name="test_waiter_can_access_orders" time="0.038" /><testcase classname="tests.test_coffee_shop_roles.TestRoleBasedAccessControl" name="test_waiter_can_access_tables" time="0.044" /><testcase classname="tests.test_coffee_shop_roles.TestRoleBasedAccessControl" name="test_cashier_can_access_orders" time="0.037" /><testcase classname="tests.test_coffee_shop_roles.TestRoleBasedAccessControl" name="test_cashier_cannot_access_cogs" time="0.036" /><testcase classname="tests.test_coffee_shop_roles.TestRoleBasedAccessControl" name="test_customer_cannot_access_ingredients" time="0.036" /><testcase classname="tests.test_coffee_shop_roles.TestStorageDashboardFeatures" name="test_add_ingredient" time="0.075" /><testcase classname="tests.test_coffee_shop_roles.TestStorageDashboardFeatures" name="test_add_product" time="0.038" /><testcase classname="tests.test_coffee_shop_roles.TestStorageDashboardFeatures" name="test_add_cogs" time="0.315" /><testcase classname="tests.test_coffee_shop_roles.TestStorageDashboardFeatures" name="test_add_table" time="0.038" /><testcase classname="tests.test_coffee_shop_roles.TestWaiterDashboardFeatures" name="test_waiter_view_orders" time="0.038" /><testcase classname="tests.test_coffee_shop_roles.TestWaiterDashboardFeatures" name="test_waiter_view_tables" time="0.045" /><testcase classname="tests.test_coffee_shop_roles.TestWaiterDashboardFeatures" name="test_waiter_update_table_status" time="0.108" /><testcase classname="tests.test_coffee_shop_roles.TestWaiterDashboardFeatures" name="test_waiter_can_create_table" time="0.040" /><testcase classname="tests.test_coffee_shop_roles.TestKitchenDashboardFeatures" name="test_kitchen_view_orders" time="0.054" /><testcase classname="tests.test_coffee_shop_roles.TestKitchenDashboardFeatures" name="test_kitchen_update_order_status" time="0.073" /><testcase classname="tests.test_coffee_shop_roles.TestCashierPOSFeatures" name="test_cashier_view_orders" time="0.035" /><testcase classname="tests.test_coffee_shop_roles.TestCashierPOSFeatures" name="test_cashier_view_transactions" time="0.039" /><testcase classname="tests.test_coffee_shop_roles.TestCashierPOSFeatures" name="test_cashier_process_payment" time="0.038" /><testcase classname="tests.test_coffee_shop_roles.TestCustomerAppFeatures" name="test_public_products_access" time="0.040" /><testcase classname="tests.test_coffee_shop_roles.TestCustomerAppFeatures" name="test_public_order_creation" time="0.068" /><testcase classname="tests.test_coffee_shop_roles.TestCustomerAppFeatures" name="test_table_qr_verification" time="0.031" /></testsuite></testsuites>