<?xml version="1.0" encoding="utf-8"?><testsuites name="pytest tests"><testsuite name="pytest" errors="5" failures="5" skipped="0" tests="32" time="4.865" timestamp="2026-01-22T06:07:20.783512+00:00" hostname="agent-env-d9f50032-1641-4c8f-a561-1fa2c7266395"><testcase classname="tests.test_coffee_shop_roles.TestUserRegistrationAndLogin" name="test_api_health" time="0.080" /><testcase classname="tests.test_coffee_shop_roles.TestUserRegistrationAndLogin" name="test_register_user_with_role[customer]" time="0.237" /><testcase classname="tests.test_coffee_shop_roles.TestUserRegistrationAndLogin" name="test_register_user_with_role[cashier]" time="0.243" /><testcase classname="tests.test_coffee_shop_roles.TestUserRegistrationAndLogin" name="test_register_user_with_role[waiter]" time="0.237" /><testcase classname="tests.test_coffee_shop_roles.TestUserRegistrationAndLogin" name="test_register_user_with_role[kitchen]" time="0.238" /><testcase classname="tests.test_coffee_shop_roles.TestUserRegistrationAndLogin" name="test_register_user_with_role[storage]" time="0.233" /><testcase classname="tests.test_coffee_shop_roles.TestUserRegistrationAndLogin" name="test_login_with_existing_credentials" time="0.242"><failure message="AssertionError: Login failed for cashier: {&quot;detail&quot;:&quot;Invalid credentials&quot;}&#10;assert 401 == 200&#10; +  where 401 = &lt;Response [401]&gt;.status_code">tests/test_coffee_shop_roles.py:71: in test_login_with_existing_credentials
    assert response.status_code == 200, f"Login failed for {role}: {response.text}"
E   AssertionError: Login failed for cashier: {"detail":"Invalid credentials"}
E   assert 401 == 200
E    +  where 401 = &lt;Response [401]&gt;.status_code</failure></testcase><testcase classname="tests.test_coffee_shop_roles.TestUserRegistrationAndLogin" name="test_invalid_login" time="0.009" /><testcase classname="tests.test_coffee_shop_roles.TestRoleBasedAccessControl" name="test_storage_can_access_ingredients" time="1.033" /><testcase classname="tests.test_coffee_shop_roles.TestRoleBasedAccessControl" name="test_storage_can_access_cogs" time="0.075" /><testcase classname="tests.test_coffee_shop_roles.TestRoleBasedAccessControl" name="test_kitchen_can_access_ingredients" time="0.000"><failure message="KeyError: 'kitchen'">tests/test_coffee_shop_roles.py:129: in test_kitchen_can_access_ingredients
    headers = {"Authorization": f"Bearer {tokens['kitchen']}"}
                                          ^^^^^^^^^^^^^^^^^
E   KeyError: 'kitchen'</failure></testcase><testcase classname="tests.test_coffee_shop_roles.TestRoleBasedAccessControl" name="test_kitchen_cannot_access_cogs" time="0.000"><failure message="KeyError: 'kitchen'">tests/test_coffee_shop_roles.py:136: in test_kitchen_cannot_access_cogs
    headers = {"Authorization": f"Bearer {tokens['kitchen']}"}
                                          ^^^^^^^^^^^^^^^^^
E   KeyError: 'kitchen'</failure></testcase><testcase classname="tests.test_coffee_shop_roles.TestRoleBasedAccessControl" name="test_waiter_can_access_orders" time="0.039" /><testcase classname="tests.test_coffee_shop_roles.TestRoleBasedAccessControl" name="test_waiter_can_access_tables" time="0.037" /><testcase classname="tests.test_coffee_shop_roles.TestRoleBasedAccessControl" name="test_cashier_can_access_orders" time="0.000"><failure message="KeyError: 'cashier'">tests/test_coffee_shop_roles.py:157: in test_cashier_can_access_orders
    headers = {"Authorization": f"Bearer {tokens['cashier']}"}
                                          ^^^^^^^^^^^^^^^^^
E   KeyError: 'cashier'</failure></testcase><testcase classname="tests.test_coffee_shop_roles.TestRoleBasedAccessControl" name="test_cashier_cannot_access_cogs" time="0.000"><failure message="KeyError: 'cashier'">tests/test_coffee_shop_roles.py:164: in test_cashier_cannot_access_cogs
    headers = {"Authorization": f"Bearer {tokens['cashier']}"}
                                          ^^^^^^^^^^^^^^^^^
E   KeyError: 'cashier'</failure></testcase><testcase classname="tests.test_coffee_shop_roles.TestStorageDashboardFeatures" name="test_add_ingredient" time="0.356" /><testcase classname="tests.test_coffee_shop_roles.TestStorageDashboardFeatures" name="test_add_product" time="0.039" /><testcase classname="tests.test_coffee_shop_roles.TestStorageDashboardFeatures" name="test_add_cogs" time="0.045" /><testcase classname="tests.test_coffee_shop_roles.TestStorageDashboardFeatures" name="test_add_table" time="0.116" /><testcase classname="tests.test_coffee_shop_roles.TestWaiterDashboardFeatures" name="test_waiter_view_orders" time="0.307" /><testcase classname="tests.test_coffee_shop_roles.TestWaiterDashboardFeatures" name="test_waiter_view_tables" time="0.043" /><testcase classname="tests.test_coffee_shop_roles.TestWaiterDashboardFeatures" name="test_waiter_update_table_status" time="0.126" /><testcase classname="tests.test_coffee_shop_roles.TestWaiterDashboardFeatures" name="test_waiter_can_create_table" time="0.048" /><testcase classname="tests.test_coffee_shop_roles.TestKitchenDashboardFeatures" name="test_kitchen_view_orders" time="0.308"><error message="failed on setup with &quot;KeyError: 'access_token'&quot;">tests/test_coffee_shop_roles.py:361: in kitchen_token
    return response.json()["access_token"]
           ^^^^^^^^^^^^^^^^^^^^^^^^^^^^^^^
E   KeyError: 'access_token'</error></testcase><testcase classname="tests.test_coffee_shop_roles.TestKitchenDashboardFeatures" name="test_kitchen_update_order_status" time="0.000"><error message="failed on setup with &quot;KeyError: 'access_token'&quot;">tests/test_coffee_shop_roles.py:361: in kitchen_token
    return response.json()["access_token"]
           ^^^^^^^^^^^^^^^^^^^^^^^^^^^^^^^
E   KeyError: 'access_token'</error></testcase><testcase classname="tests.test_coffee_shop_roles.TestCashierPOSFeatures" name="test_cashier_view_orders" time="0.269"><error message="failed on setup with &quot;KeyError: 'access_token'&quot;">tests/test_coffee_shop_roles.py:410: in cashier_token
    return response.json()["access_token"]
           ^^^^^^^^^^^^^^^^^^^^^^^^^^^^^^^
E   KeyError: 'access_token'</error></testcase><testcase classname="tests.test_coffee_shop_roles.TestCashierPOSFeatures" name="test_cashier_view_transactions" time="0.000"><error message="failed on setup with &quot;KeyError: 'access_token'&quot;">tests/test_coffee_shop_roles.py:410: in cashier_token
    return response.json()["access_token"]
           ^^^^^^^^^^^^^^^^^^^^^^^^^^^^^^^
E   KeyError: 'access_token'</error></testcase><testcase classname="tests.test_coffee_shop_roles.TestCashierPOSFeatures" name="test_cashier_process_payment" time="0.000"><error message="failed on setup with &quot;KeyError: 'access_token'&quot;">tests/test_coffee_shop_roles.py:410: in cashier_token
    return response.json()["access_token"]
           ^^^^^^^^^^^^^^^^^^^^^^^^^^^^^^^
E   KeyError: 'access_token'</error></testcase><testcase classname="tests.test_coffee_shop_roles.TestCustomerAppFeatures" name="test_public_products_access" time="0.036" /><testcase classname="tests.test_coffee_shop_roles.TestCustomerAppFeatures" name="test_public_order_creation" time="0.116" /><testcase classname="tests.test_coffee_shop_roles.TestCustomerAppFeatures" name="test_table_qr_verification" time="0.038" /></testsuite></testsuites>